<?xml version='1.0' encoding='UTF-8'?>
<flow-definition plugin="workflow-job@2.11">
    <actions/>
    <description></description>
    <keepDependencies>false</keepDependencies>
    <properties>
        <org.jenkinsci.plugins.workflow.job.properties.PipelineTriggersJobProperty>
            <triggers/>
        </org.jenkinsci.plugins.workflow.job.properties.PipelineTriggersJobProperty>
        <org.jenkinsci.plugins.gogs.GogsProjectProperty>
            <gogsBranchFilter>test</gogsBranchFilter>
        </org.jenkinsci.plugins.gogs.GogsProjectProperty>
    </properties>
    <definition class="org.jenkinsci.plugins.workflow.cps.CpsScmFlowDefinition" plugin="workflow-cps@2.30">
        <scm class="hudson.plugins.git.GitSCM" plugin="git@3.3.0">
            <configVersion>2</configVersion>
            <userRemoteConfigs>
                <hudson.plugins.git.UserRemoteConfig>
                    <url>http://gitserver:3000/butler/testRep2</url>
                    <credentialsId>GOGS-USER</credentialsId>
                </hudson.plugins.git.UserRemoteConfig>
            </userRemoteConfigs>
            <branches>
                <hudson.plugins.git.BranchSpec>
                    <name>*/test</name>
                </hudson.plugins.git.BranchSpec>
            </branches>
            <doGenerateSubmoduleConfigurations>false</doGenerateSubmoduleConfigurations>
            <submoduleCfg class="list"/>
            <extensions/>
        </scm>
        <scriptPath>Jenkinsfile</scriptPath>
        <lightweight>false</lightweight>
    </definition>
    <triggers/>
    <disabled>false</disabled>
</flow-definition>